<?xml version="1.0" encoding="UTF-8"?>
<!-- Generated by org.testng.reporters.JUnitReportReporter -->
<testsuite hostname="Ahmed-Wageeh" failures="0" tests="1" name="SelenuimTask.VoisAmazonTask.AddToCart" time="34.323" errors="0" timestamp="2022-10-12T22:19:32 EET" skipped="0">
  <testcase classname="SelenuimTask.VoisAmazonTask.AddToCart" name="Choose_Item" time="34.323"/>
  <system-out/>
</testsuite> <!-- SelenuimTask.VoisAmazonTask.AddToCart -->
