<?xml version="1.0" encoding="UTF-8"?>
<!-- Generated by org.testng.reporters.JUnitReportReporter -->
<testsuite hostname="Ahmed-Wageeh" failures="0" tests="1" name="Senario1_Test.AddToCart" time="43.120" errors="0" timestamp="2022-10-14T12:53:03 EET" skipped="0">
  <testcase classname="Senario1_Test.AddToCart" name="Choose_Item" time="43.120"/>
  <system-out/>
</testsuite> <!-- Senario1_Test.AddToCart -->
