<?xml version="1.0" encoding="UTF-8"?>
<!-- Generated by org.testng.reporters.JUnitReportReporter -->
<testsuite hostname="Ahmed-Wageeh" failures="0" tests="2" name="Test.OpenSearchType" time="6.043" errors="0" timestamp="2022-10-14T11:14:47 EET" skipped="1">
  <testcase classname="Test.OpenSearchType" name="open_today_Deals" time="6.043"/>
  <system-out/>
  <testcase classname="Test.OpenSearchType" name="select_Item_Type">
    <skipped/>
  </testcase> <!-- select_Item_Type -->
  <system-out/>
</testsuite> <!-- Test.OpenSearchType -->
