<?xml version="1.0" encoding="UTF-8"?>
<!-- Generated by org.testng.reporters.JUnitReportReporter -->
<testsuite hostname="Ahmed-Wageeh" failures="0" tests="1" name="SelenuimTask.VoisAmazonTask.SelectItemTest" time="16.306" errors="0" timestamp="2022-10-12T21:48:37 EET" skipped="0">
  <testcase classname="SelenuimTask.VoisAmazonTask.SelectItemTest" name="Choose_Item" time="16.306"/>
  <system-out/>
</testsuite> <!-- SelenuimTask.VoisAmazonTask.SelectItemTest -->
