<?xml version="1.0" encoding="UTF-8"?>
<!-- Generated by org.testng.reporters.JUnitReportReporter -->
<testsuite hostname="Ahmed-Wageeh" failures="0" tests="1" name="Test.AddToCart" time="29.287" errors="0" timestamp="2022-10-12T22:27:06 EET" skipped="0">
  <testcase classname="Test.AddToCart" name="Choose_Item" time="29.287"/>
  <system-out/>
</testsuite> <!-- Test.AddToCart -->
