<?xml version="1.0" encoding="UTF-8"?>
<!-- Generated by org.testng.reporters.JUnitReportReporter -->
<testsuite hostname="Ahmed-Wageeh" failures="0" tests="1" name="Test.OpenToDayTest" time="12.601" errors="0" timestamp="2022-10-14T11:39:55 EET" skipped="0">
  <testcase classname="Test.OpenToDayTest" name="open_today_Deals" time="12.601"/>
  <system-out/>
</testsuite> <!-- Test.OpenToDayTest -->
